2021-12-13 17:06:38.498 [cn.huoxian.dongtai.engine] INFO  DongTai Engine is about to be installed, the installation mode is agent
2021-12-13 17:06:38.510 [cn.huoxian.dongtai.engine] INFO  Initialize the core configuration of the engine
2021-12-13 17:06:39.890 [cn.huoxian.dongtai.engine] INFO  The engine's core configuration is initialized successfully.
2021-12-13 17:06:39.893 [cn.huoxian.dongtai.engine] INFO  WebServer [ name=Apache Tomcat/9.0.55, path=/Users/shengnanwu/IdeaProjects/example ]
2021-12-13 17:06:39.894 [cn.huoxian.dongtai.engine] INFO  Start the data reporting submodule
2021-12-13 17:06:39.895 [cn.huoxian.dongtai.engine] INFO  The data reporting submodule started successfully
2021-12-13 17:06:39.895 [cn.huoxian.dongtai.engine] INFO  Register spy submodule
2021-12-13 17:06:39.898 [cn.huoxian.dongtai.engine] INFO  Spy sub-module registered successfully
2021-12-13 17:06:39.898 [cn.huoxian.dongtai.engine] INFO  Install data acquisition and analysis sub-modules
2021-12-13 17:06:40.965 [cn.huoxian.dongtai.engine] INFO  The sub-module of data acquisition and analysis is successfully installed
2021-12-13 17:06:41.039 [cn.huoxian.dongtai.engine] INFO  DongTai Engine is successfully installed to the JVM, and it takes 2 s
2021-12-13 17:06:41.042 [cn.huoxian.dongtai.engine] INFO  Turn on the engine
2021-12-13 17:06:41.043 [cn.huoxian.dongtai.engine] INFO  Engine opened successfully
2021-12-13 22:57:14.819 [cn.huoxian.dongtai.engine] INFO  DongTai Engine is about to be installed, the installation mode is agent
2021-12-13 22:57:14.838 [cn.huoxian.dongtai.engine] INFO  Initialize the core configuration of the engine
2021-12-13 22:57:15.878 [cn.huoxian.dongtai.engine] INFO  The engine's core configuration is initialized successfully.
2021-12-13 22:57:15.882 [cn.huoxian.dongtai.engine] INFO  WebServer [ name=Apache Tomcat/9.0.55, path=/Users/shengnanwu/IdeaProjects/example ]
2021-12-13 22:57:15.882 [cn.huoxian.dongtai.engine] INFO  Start the data reporting submodule
2021-12-13 22:57:15.884 [cn.huoxian.dongtai.engine] INFO  The data reporting submodule started successfully
2021-12-13 22:57:15.884 [cn.huoxian.dongtai.engine] INFO  Register spy submodule
2021-12-13 22:57:15.887 [cn.huoxian.dongtai.engine] INFO  Spy sub-module registered successfully
2021-12-13 22:57:15.887 [cn.huoxian.dongtai.engine] INFO  Install data acquisition and analysis sub-modules
2021-12-13 22:58:43.455 [cn.huoxian.dongtai.engine] INFO  DongTai Engine is about to be installed, the installation mode is agent
2021-12-13 22:58:43.467 [cn.huoxian.dongtai.engine] INFO  Initialize the core configuration of the engine
2021-12-13 22:58:44.531 [cn.huoxian.dongtai.engine] INFO  The engine's core configuration is initialized successfully.
2021-12-13 22:58:44.534 [cn.huoxian.dongtai.engine] INFO  WebServer [ name=Apache Tomcat/9.0.55, path=/Users/shengnanwu/IdeaProjects/example ]
2021-12-13 22:58:44.535 [cn.huoxian.dongtai.engine] INFO  Start the data reporting submodule
2021-12-13 22:58:44.536 [cn.huoxian.dongtai.engine] INFO  The data reporting submodule started successfully
2021-12-13 22:58:44.536 [cn.huoxian.dongtai.engine] INFO  Register spy submodule
2021-12-13 22:58:44.539 [cn.huoxian.dongtai.engine] INFO  Spy sub-module registered successfully
2021-12-13 22:58:44.539 [cn.huoxian.dongtai.engine] INFO  Install data acquisition and analysis sub-modules
2021-12-13 22:58:45.629 [cn.huoxian.dongtai.engine] INFO  The sub-module of data acquisition and analysis is successfully installed
2021-12-13 22:58:45.705 [cn.huoxian.dongtai.engine] INFO  DongTai Engine is successfully installed to the JVM, and it takes 2 s
2021-12-13 22:58:45.708 [cn.huoxian.dongtai.engine] INFO  Turn on the engine
2021-12-13 22:58:45.710 [cn.huoxian.dongtai.engine] INFO  Engine opened successfully
2021-12-13 23:07:58.508 [cn.huoxian.dongtai.engine] INFO  DongTai Engine is about to be installed, the installation mode is agent
2021-12-13 23:07:58.517 [cn.huoxian.dongtai.engine] INFO  Initialize the core configuration of the engine
2021-12-13 23:07:59.768 [cn.huoxian.dongtai.engine] INFO  The engine's core configuration is initialized successfully.
2021-12-13 23:07:59.772 [cn.huoxian.dongtai.engine] INFO  WebServer [ name=Apache Tomcat/9.0.55, path=/Users/shengnanwu/IdeaProjects/example ]
2021-12-13 23:07:59.772 [cn.huoxian.dongtai.engine] INFO  Start the data reporting submodule
2021-12-13 23:07:59.773 [cn.huoxian.dongtai.engine] INFO  The data reporting submodule started successfully
2021-12-13 23:07:59.773 [cn.huoxian.dongtai.engine] INFO  Register spy submodule
2021-12-13 23:07:59.776 [cn.huoxian.dongtai.engine] INFO  Spy sub-module registered successfully
2021-12-13 23:07:59.777 [cn.huoxian.dongtai.engine] INFO  Install data acquisition and analysis sub-modules
2021-12-13 23:08:00.935 [cn.huoxian.dongtai.engine] INFO  The sub-module of data acquisition and analysis is successfully installed
2021-12-13 23:08:01.016 [cn.huoxian.dongtai.engine] INFO  DongTai Engine is successfully installed to the JVM, and it takes 2 s
2021-12-13 23:08:01.018 [cn.huoxian.dongtai.engine] INFO  Turn on the engine
2021-12-13 23:08:01.020 [cn.huoxian.dongtai.engine] INFO  Engine opened successfully
2021-12-13 23:09:24.627 [cn.huoxian.dongtai.engine] INFO  DongTai Engine is about to be installed, the installation mode is agent
2021-12-13 23:09:24.635 [cn.huoxian.dongtai.engine] INFO  Initialize the core configuration of the engine
2021-12-13 23:09:25.666 [cn.huoxian.dongtai.engine] INFO  The engine's core configuration is initialized successfully.
2021-12-13 23:09:25.669 [cn.huoxian.dongtai.engine] INFO  WebServer [ name=Apache Tomcat/9.0.55, path=/Users/shengnanwu/IdeaProjects/example ]
2021-12-13 23:09:25.669 [cn.huoxian.dongtai.engine] INFO  Start the data reporting submodule
2021-12-13 23:09:25.671 [cn.huoxian.dongtai.engine] INFO  The data reporting submodule started successfully
2021-12-13 23:09:25.671 [cn.huoxian.dongtai.engine] INFO  Register spy submodule
2021-12-13 23:09:25.673 [cn.huoxian.dongtai.engine] INFO  Spy sub-module registered successfully
2021-12-13 23:09:25.674 [cn.huoxian.dongtai.engine] INFO  Install data acquisition and analysis sub-modules
2021-12-13 23:09:26.804 [cn.huoxian.dongtai.engine] INFO  The sub-module of data acquisition and analysis is successfully installed
2021-12-13 23:09:26.874 [cn.huoxian.dongtai.engine] INFO  DongTai Engine is successfully installed to the JVM, and it takes 2 s
2021-12-13 23:09:26.877 [cn.huoxian.dongtai.engine] INFO  Turn on the engine
2021-12-13 23:09:26.878 [cn.huoxian.dongtai.engine] INFO  Engine opened successfully
